<?xml version="1.0" encoding="UTF-8"?>
<!-- Generated by org.testng.reporters.JUnitReportReporter -->
<testsuite hostname="DESKTOP-3P927UJ" failures="0" tests="1" name="testCases.TC_005_AddToCartPageTest" time="4.555" errors="0" timestamp="2024-05-12T23:15:59 IST" skipped="0">
  <testcase classname="testCases.TC_005_AddToCartPageTest" name="verify_addToCart" time="4.555"/>
</testsuite> <!-- testCases.TC_005_AddToCartPageTest -->
