<?xml version="1.0" encoding="UTF-8"?>
<!-- Generated by org.testng.reporters.JUnitReportReporter -->
<testsuite hostname="DESKTOP-3P927UJ" failures="0" tests="1" name="testCases.TC_004_SearchProductTest" time="1.972" errors="0" timestamp="2024-05-12T21:15:55 IST" skipped="0">
  <testcase classname="testCases.TC_004_SearchProductTest" name="verify_pruductSearch" time="1.972"/>
</testsuite> <!-- testCases.TC_004_SearchProductTest -->
