<?xml version="1.0" encoding="UTF-8"?>
<!-- Generated by org.testng.reporters.JUnitReportReporter -->
<testsuite hostname="DESKTOP-3P927UJ" failures="0" tests="1" name="testCases.TC_006_EndToEndTest" time="68.172" errors="0" timestamp="2024-05-14T09:10:23 IST" skipped="0">
  <testcase classname="testCases.TC_006_EndToEndTest" name="endToendTest" time="68.172"/>
</testsuite> <!-- testCases.TC_006_EndToEndTest -->
