<?xml version="1.0" encoding="UTF-8"?>
<!-- Generated by org.testng.reporters.JUnitReportReporter -->
<testsuite hostname="DESKTOP-3P927UJ" failures="0" tests="1" name="testCases.TC_001_AccountRegistrationTest" time="5.478" errors="0" timestamp="2024-05-14T09:05:54 IST" skipped="0">
  <testcase classname="testCases.TC_001_AccountRegistrationTest" name="verify_account_registration" time="5.478"/>
</testsuite> <!-- testCases.TC_001_AccountRegistrationTest -->
