<?xml version="1.0" encoding="UTF-8"?>
<!-- Generated by org.testng.reporters.JUnitReportReporter -->
<testsuite hostname="DESKTOP-3P927UJ" failures="0" tests="1" name="testCases.TC_002_LoginTest" time="2.603" errors="0" timestamp="2024-05-14T09:05:54 IST" skipped="0">
  <testcase classname="testCases.TC_002_LoginTest" name="verify_login" time="2.603"/>
</testsuite> <!-- testCases.TC_002_LoginTest -->
